[INFO] Scanning for projects...
[INFO] ------------------------------------------------------------------------
[INFO] Building ps4j-cli
[INFO]    task-segment: [clean, install]
[INFO] ------------------------------------------------------------------------
[INFO] [clean:clean {execution: default-clean}]
[INFO] Deleting directory /Users/amol/developer/var/projects/ps4j/ps4j-cli/target
[INFO] [resources:resources {execution: default-resources}]
[WARNING] Using platform encoding (MacRoman actually) to copy filtered resources, i.e. build is platform dependent!
[INFO] Copying 0 resource
[INFO] [compiler:compile {execution: default-compile}]
[WARNING] File encoding has not been set, using platform encoding MacRoman, i.e. build is platform dependent!
[INFO] Compiling 2 source files to /Users/amol/developer/var/projects/ps4j/ps4j-cli/target/classes
[INFO] [resources:testResources {execution: default-testResources}]
[WARNING] Using platform encoding (MacRoman actually) to copy filtered resources, i.e. build is platform dependent!
[INFO] Copying 0 resource
[INFO] [compiler:testCompile {execution: default-testCompile}]
[INFO] Nothing to compile - all classes are up to date
[INFO] [surefire:test {execution: default-test}]
[INFO] Surefire report directory: /Users/amol/developer/var/projects/ps4j/ps4j-cli/target/surefire-reports

-------------------------------------------------------
 T E S T S
-------------------------------------------------------
There are no tests to run.

Results :

Tests run: 0, Failures: 0, Errors: 0, Skipped: 0

[INFO] [jar:jar {execution: default-jar}]
[INFO] Building jar: /Users/amol/developer/var/projects/ps4j/ps4j-cli/target/ps4j-cli-1.0.0-SNAPSHOT.jar
[INFO] [install:install {execution: default-install}]
[INFO] Installing /Users/amol/developer/var/projects/ps4j/ps4j-cli/target/ps4j-cli-1.0.0-SNAPSHOT.jar to /Users/amol/.m2/repository/com/github/adeshmukh/ps4j/ps4j-cli/1.0.0-SNAPSHOT/ps4j-cli-1.0.0-SNAPSHOT.jar
[INFO] ------------------------------------------------------------------------
[INFO] BUILD SUCCESSFUL
[INFO] ------------------------------------------------------------------------
[INFO] Total time: 4 seconds
[INFO] Finished at: Wed Feb 29 21:23:57 PST 2012
[INFO] Final Memory: 12M/24M
[INFO] ------------------------------------------------------------------------
